Array
(
    [0] => 42
    [1] => projectlist.pdf
    [2] => application/pdf
    [3] => 20.8330078125
    [4] => 
    [5] => 2022-11-28 23:25:32
    [6] => 
    [7] => 
    [8] => 
    [9] => 37
    [10] => 2
    [11] => 
    [12] => 0
    [13] => 0
    [14] => Admin
    [15] => Jsoftsolution123456
    [16] => Jsoftsolution123456
)
Array
(
    [0] => 42
    [1] => projectlist.pdf
    [2] => application/pdf
    [3] => 20.8330078125
    [4] => 
    [5] => 2022-11-28 23:25:32
    [6] => 
    [7] => 
    [8] => 
    [9] => 37
    [10] => 2
    [11] => 
    [12] => 0
    [13] => 0
    [14] => Admin
    [15] => Jsoftsolution123456
    [16] => Jsoftsolution123456
)
Array
(
    [0] => 42
    [1] => projectlist.pdf
    [2] => application/pdf
    [3] => 20.8330078125
    [4] => 
    [5] => 2022-11-28 23:25:32
    [6] => 
    [7] => 
    [8] => 
    [9] => 37
    [10] => 2
    [11] => 
    [12] => 0
    [13] => 0
    [14] => Admin
    [15] => Jsoftsolution123456
    [16] => Jsoftsolution123456
)
